<?xml version="1.0" encoding="UTF-8"?>
<robot generator="Robot 2.9 (Python 3.8.3 on win32)" generated="20200701 16:27:44.657">
<suite id="s1" name="Contact Scenarios" source="C:\Users\79111\Desktop\python_training\GIT\rf\contact_scenarios.robot">
<kw name="Init Fixtures" library="rf.AddressBook" type="setup">
<status status="PASS" starttime="20200701 16:27:44.987" endtime="20200701 16:27:55.130"></status>
</kw>
<test id="s1-t1" name="Edit contact">
<kw name="Get Contact List" library="rf.AddressBook">
<assign>
<var>${old_list}</var>
</assign>
<msg timestamp="20200701 16:27:55.139" level="INFO">${old_list} = [First_nameGME ; Middle_nameBqY ; Last_name ; NicknameD ; TitleizUF ; Companyj ; AddressIze ; 855587842 ; 365073 ; 445777 ; www.HomepageMAz.ru ; Nr ; bXQ ; U0T ; 55993 ; 2 ; January ; 1993 ; 15 ; Dece...</msg>
<status status="PASS" starttime="20200701 16:27:55.131" endtime="20200701 16:27:55.139"></status>
</kw>
<kw name="Get Length" library="BuiltIn">
<doc>Returns and logs the length of the given item as an integer.</doc>
<arguments>
<arg>${old_list}</arg>
</arguments>
<assign>
<var>${len}</var>
</assign>
<msg timestamp="20200701 16:27:55.140" level="INFO">Length is 16</msg>
<msg timestamp="20200701 16:27:55.141" level="INFO">${len} = 16</msg>
<status status="PASS" starttime="20200701 16:27:55.139" endtime="20200701 16:27:55.141"></status>
</kw>
<kw name="Evaluate" library="BuiltIn">
<doc>Evaluates the given expression in Python and returns the results.</doc>
<arguments>
<arg>random.randrange(${len})</arg>
<arg>random</arg>
</arguments>
<assign>
<var>${index}</var>
</assign>
<msg timestamp="20200701 16:27:55.158" level="INFO">${index} = 11</msg>
<status status="PASS" starttime="20200701 16:27:55.141" endtime="20200701 16:27:55.158"></status>
</kw>
<kw name="Get From List" library="Collections">
<doc>Returns the value specified with an ``index`` from ``list``.</doc>
<arguments>
<arg>${old_list}</arg>
<arg>${index}</arg>
</arguments>
<assign>
<var>${contact}</var>
</assign>
<msg timestamp="20200701 16:27:55.159" level="INFO">${contact} = First_namebns ; Middle_namewX ; Last_namehyF ; Nicknamecy ; Title ; CompanyfwN ; Addressk ; +76141945609 ; +77977554767 ; +77022297221 ; www.HomepageA.ru ; @mail.ru ; L@mail.ru ; z@mail.ru ; +73477236...</msg>
<status status="PASS" starttime="20200701 16:27:55.158" endtime="20200701 16:27:55.159"></status>
</kw>
<kw name="New Contact" library="rf.AddressBook">
<arguments>
<arg>EDIT</arg>
<arg>EDIT</arg>
<arg>Last_namehyF</arg>
<arg>Nicknamecy</arg>
<arg>Title</arg>
<arg>CompanyfwN</arg>
<arg>Addressk</arg>
<arg>+76141945609</arg>
<arg>+77977554767</arg>
<arg>+77022297221</arg>
<arg>+73477236564</arg>
<arg>1@mail.ru</arg>
<arg>L@mail.ru</arg>
<arg>z@mail.ru</arg>
<arg>www.HomepageA.ru</arg>
<arg>24</arg>
<arg>February</arg>
<arg>1954</arg>
<arg>18</arg>
<arg>March</arg>
<arg>1914</arg>
<arg>Address_SecondaryFJ</arg>
<arg>+71274410888</arg>
<arg>NotesYF&gt;</arg>
</arguments>
<assign>
<var>${edit_contact}</var>
</assign>
<msg timestamp="20200701 16:27:55.161" level="INFO">${edit_contact} = EDIT ; EDIT ; Last_namehyF ; Nicknamecy ; Title ; CompanyfwN ; Addressk ; +76141945609 ; +77977554767 ; +77022297221 ; +73477236564 ; 1@mail.ru ; L@mail.ru ; z@mail.ru ; www.HomepageA.ru ; 24 ; Februa...</msg>
<status status="PASS" starttime="20200701 16:27:55.160" endtime="20200701 16:27:55.161"></status>
</kw>
<kw name="Edit Contact" library="rf.AddressBook">
<arguments>
<arg>${contact}</arg>
<arg>${edit_contact}</arg>
</arguments>
<status status="PASS" starttime="20200701 16:27:55.162" endtime="20200701 16:28:03.684"></status>
</kw>
<kw name="Get Contact List" library="rf.AddressBook">
<assign>
<var>${new_list}</var>
</assign>
<msg timestamp="20200701 16:28:03.693" level="INFO">${new_list} = [First_nameGME ; Middle_nameBqY ; Last_name ; NicknameD ; TitleizUF ; Companyj ; AddressIze ; 855587842 ; 365073 ; 445777 ; www.HomepageMAz.ru ; Nr ; bXQ ; U0T ; 55993 ; 2 ; January ; 1993 ; 15 ; Dece...</msg>
<status status="PASS" starttime="20200701 16:28:03.685" endtime="20200701 16:28:03.693"></status>
</kw>
<kw name="Remove Values From List" library="Collections">
<doc>Removes all occurrences of given ``values`` from ``list``.</doc>
<arguments>
<arg>${old_list}</arg>
<arg>${contact}</arg>
</arguments>
<status status="PASS" starttime="20200701 16:28:03.693" endtime="20200701 16:28:03.694"></status>
</kw>
<kw name="Get From List" library="Collections">
<doc>Returns the value specified with an ``index`` from ``list``.</doc>
<arguments>
<arg>${new_list}</arg>
<arg>${index}</arg>
</arguments>
<assign>
<var>${edit_group}</var>
</assign>
<msg timestamp="20200701 16:28:03.696" level="INFO">${edit_group} = EDIT ; EDIT ; Last_namehyF ; Nicknamecy ; Title ; CompanyfwN ; Addressk ; +76141945609 ; +77977554767 ; +77022297221 ; www.HomepageA.ru ; 1@mail.ru ; L@mail.ru ; z@mail.ru ; +73477236564 ; 24 ; Februa...</msg>
<status status="PASS" starttime="20200701 16:28:03.695" endtime="20200701 16:28:03.696"></status>
</kw>
<kw name="Append To List" library="Collections">
<doc>Adds ``values`` to the end of ``list``.</doc>
<arguments>
<arg>${old_list}</arg>
<arg>${edit_contact}</arg>
</arguments>
<status status="PASS" starttime="20200701 16:28:03.696" endtime="20200701 16:28:03.697"></status>
</kw>
<kw name="Group Lists Should Be Equal" library="rf.AddressBook">
<arguments>
<arg>${new_list}</arg>
<arg>${old_list}</arg>
</arguments>
<status status="PASS" starttime="20200701 16:28:03.697" endtime="20200701 16:28:03.698"></status>
</kw>
<status status="PASS" starttime="20200701 16:27:55.130" endtime="20200701 16:28:03.698" critical="yes"></status>
</test>
<kw name="Destroy Fixtures" library="rf.AddressBook" type="teardown">
<status status="PASS" starttime="20200701 16:28:03.699" endtime="20200701 16:28:06.248"></status>
</kw>
<status status="PASS" starttime="20200701 16:27:44.659" endtime="20200701 16:28:06.248"></status>
</suite>
<statistics>
<total>
<stat pass="1" fail="0">Critical Tests</stat>
<stat pass="1" fail="0">All Tests</stat>
</total>
<tag>
</tag>
<suite>
<stat pass="1" fail="0" id="s1" name="Contact Scenarios">Contact Scenarios</stat>
</suite>
</statistics>
<errors>
</errors>
</robot>
